

Version:	3.13
CmdLine:	D:\Github\GaitTestGui\Build-3.21.2021\RUNGAIT.exe --l4j-debug
WOW64:		yes
Create mutex:	radcgaitapplication
Working dir:	D:\Github\GaitTestGui\Build-3.21.2021\.
Java min ver:	
Java max ver:	
Bundled JRE(s):	jre8
Check launcher:	D:\Github\GaitTestGui\Build-3.21.2021\jre8\bin\javaw.exe (not found)
Error msg:	This application was configured to use a bundled Java Runtime Environment but the runtime is missing or corrupted.


Version:	3.13
CmdLine:	D:\Github\GaitTestGui\Build-3.21.2021\RUNGAIT.exe --l4j-debug
WOW64:		yes
Create mutex:	radcgaitapplication
Working dir:	D:\Github\GaitTestGui\Build-3.21.2021\.
Java min ver:	
Java max ver:	
Bundled JRE(s):	D:\Github\GaitTestGui\RADC-GAIT-WIN64\jre8
Check launcher:	D:\Github\GaitTestGui\RADC-GAIT-WIN64\jre8\bin\javaw.exe (OK)
Launcher:	D:\Github\GaitTestGui\RADC-GAIT-WIN64\jre8\bin\javaw.exe
Launcher args:	-jar "D:\Github\GaitTestGui\Build-3.21.2021\RUNGAIT.exe"
Args length:	56/32768 chars
Exit code:	0


Version:	3.13
CmdLine:	D:\Github\GaitTestGui\Build-3.21.2021\RUNGAIT.exe --l4j-debug
WOW64:		yes
Create mutex:	radcgaitapplication
Working dir:	D:\Github\GaitTestGui\Build-3.21.2021\.
Java min ver:	
Java max ver:	
Bundled JRE(s):	D:\Github\GaitTestGui\RADC-GAIT-WIN64\jre8
Check launcher:	D:\Github\GaitTestGui\RADC-GAIT-WIN64\jre8\bin\javaw.exe (OK)
Launcher:	D:\Github\GaitTestGui\RADC-GAIT-WIN64\jre8\bin\javaw.exe
Launcher args:	-jar "D:\Github\GaitTestGui\Build-3.21.2021\RUNGAIT.exe"
Args length:	56/32768 chars
Exit code:	0
