

Version:	3.13
CmdLine:	D:\Github\GaitTestGui\Build-2.25.2021\RUNGAIT.exe --l4j-debug
WOW64:		yes
Working dir:	D:\Github\GaitTestGui\Build-2.25.2021\.
Java min ver:	1.004.000
Java max ver:	
64-bit search:	SOFTWARE\JavaSoft\Java Runtime Environment...
Check:		SOFTWARE\JavaSoft\Java Runtime Environment\1.8
Check launcher:	C:\Program Files\Java\jre1.8.0_281\bin\javaw.exe (OK)
Match:		1.008.000
Check:		SOFTWARE\JavaSoft\Java Runtime Environment\1.8.0_281
Check launcher:	C:\Program Files\Java\jre1.8.0_281\bin\javaw.exe (OK)
Match:		1.008.000_281
64-bit search:	SOFTWARE\JavaSoft\Java Development Kit...
64-bit search:	SOFTWARE\JavaSoft\JRE...
64-bit search:	SOFTWARE\JavaSoft\JDK...
Runtime used:	1.008.000_281 (64-bit)
Launcher:	C:\Program Files\Java\jre1.8.0_281\bin\javaw.exe
Launcher args:	-jar "D:\Github\GaitTestGui\Build-2.25.2021\RUNGAIT.exe"
Args length:	56/32768 chars
Exit code:	0


Version:	3.13
CmdLine:	D:\Github\GaitTestGui\Build-3.15.2021\RUNGAIT.exe --l4j-debug
WOW64:		yes
Working dir:	D:\Github\GaitTestGui\Build-3.15.2021\.
Java min ver:	1.004.000
Java max ver:	
64-bit search:	SOFTWARE\JavaSoft\Java Runtime Environment...
Check:		SOFTWARE\JavaSoft\Java Runtime Environment\1.8
Check launcher:	C:\Program Files\Java\jre1.8.0_281\bin\javaw.exe (OK)
Match:		1.008.000
Check:		SOFTWARE\JavaSoft\Java Runtime Environment\1.8.0_281
Check launcher:	C:\Program Files\Java\jre1.8.0_281\bin\javaw.exe (OK)
Match:		1.008.000_281
64-bit search:	SOFTWARE\JavaSoft\Java Development Kit...
64-bit search:	SOFTWARE\JavaSoft\JRE...
64-bit search:	SOFTWARE\JavaSoft\JDK...
Runtime used:	1.008.000_281 (64-bit)
Launcher:	C:\Program Files\Java\jre1.8.0_281\bin\javaw.exe
Launcher args:	-jar "D:\Github\GaitTestGui\Build-3.15.2021\RUNGAIT.exe"
Args length:	56/32768 chars
Exit code:	0
