

Version:	3.12
CmdLine:	C:\Users\KinectProcessing\Documents\GitHub\GaitTestGui\WindowsBuild\RUNGAIT.exe --l4j-debug
WOW64:		yes
Working dir:	C:\Users\KinectProcessing\Documents\GitHub\GaitTestGui\WindowsBuild\.
Java min ver:	
Java max ver:	
Bundled JRE:	jre8
Check launcher:	C:\Users\KinectProcessing\Documents\GitHub\GaitTestGui\WindowsBuild\jre8\bin\javaw.exe (OK)
Launcher:	C:\Users\KinectProcessing\Documents\GitHub\GaitTestGui\WindowsBuild\jre8\bin\javaw.exe
Launcher args:	-jar "C:\Users\KinectProcessing\Documents\GitHub\GaitTestGui\WindowsBuild\RUNGAIT.exe"
Args length:	86/32768 chars
Exit code:	0


Version:	3.12
CmdLine:	C:\Users\KinectProcessing\Documents\GitHub\GaitTestGui\WindowsBuild\RUNGAIT.exe --l4j-debug
WOW64:		yes
Create mutex:	radcgaitapplication
Working dir:	C:\Users\KinectProcessing\Documents\GitHub\GaitTestGui\WindowsBuild\.
Java min ver:	
Java max ver:	
Bundled JRE:	jre8
Check launcher:	C:\Users\KinectProcessing\Documents\GitHub\GaitTestGui\WindowsBuild\jre8\bin\javaw.exe (OK)
Launcher:	C:\Users\KinectProcessing\Documents\GitHub\GaitTestGui\WindowsBuild\jre8\bin\javaw.exe
Launcher args:	-jar "C:\Users\KinectProcessing\Documents\GitHub\GaitTestGui\WindowsBuild\RUNGAIT.exe"
Args length:	86/32768 chars
Exit code:	0
